<?xml version="1.0" encoding="UTF-8"?>
<testsuite name="com.codinghaezo.stackOverFlow.StackOverFlowApplicationTests" tests="1" skipped="0" failures="0" errors="0" timestamp="2023-08-11T11:57:32" hostname="박찬우" time="0.123">
  <properties/>
  <testcase name="contextLoads()" classname="com.codinghaezo.stackOverFlow.StackOverFlowApplicationTests" time="0.123"/>
  <system-out><![CDATA[20:57:27.822 [Test worker] DEBUG org.springframework.test.context.BootstrapUtils - Instantiating CacheAwareContextLoaderDelegate from class [org.springframework.test.context.cache.DefaultCacheAwareContextLoaderDelegate]
20:57:27.834 [Test worker] DEBUG org.springframework.test.context.BootstrapUtils - Instantiating BootstrapContext using constructor [public org.springframework.test.context.support.DefaultBootstrapContext(java.lang.Class,org.springframework.test.context.CacheAwareContextLoaderDelegate)]
20:57:27.882 [Test worker] DEBUG org.springframework.test.context.BootstrapUtils - Instantiating TestContextBootstrapper for test class [com.codinghaezo.stackOverFlow.StackOverFlowApplicationTests] from class [org.springframework.boot.test.context.SpringBootTestContextBootstrapper]
20:57:27.894 [Test worker] INFO org.springframework.boot.test.context.SpringBootTestContextBootstrapper - Neither @ContextConfiguration nor @ContextHierarchy found for test class [com.codinghaezo.stackOverFlow.StackOverFlowApplicationTests], using SpringBootContextLoader
20:57:27.898 [Test worker] DEBUG org.springframework.test.context.support.AbstractContextLoader - Did not detect default resource location for test class [com.codinghaezo.stackOverFlow.StackOverFlowApplicationTests]: class path resource [com/codinghaezo/stackOverFlow/StackOverFlowApplicationTests-context.xml] does not exist
20:57:27.898 [Test worker] DEBUG org.springframework.test.context.support.AbstractContextLoader - Did not detect default resource location for test class [com.codinghaezo.stackOverFlow.StackOverFlowApplicationTests]: class path resource [com/codinghaezo/stackOverFlow/StackOverFlowApplicationTestsContext.groovy] does not exist
20:57:27.898 [Test worker] INFO org.springframework.test.context.support.AbstractContextLoader - Could not detect default resource locations for test class [com.codinghaezo.stackOverFlow.StackOverFlowApplicationTests]: no resource found for suffixes {-context.xml, Context.groovy}.
20:57:27.899 [Test worker] INFO org.springframework.test.context.support.AnnotationConfigContextLoaderUtils - Could not detect default configuration classes for test class [com.codinghaezo.stackOverFlow.StackOverFlowApplicationTests]: StackOverFlowApplicationTests does not declare any static, non-private, non-final, nested classes annotated with @Configuration.
20:57:27.939 [Test worker] DEBUG org.springframework.test.context.support.ActiveProfilesUtils - Could not find an 'annotation declaring class' for annotation type [org.springframework.test.context.ActiveProfiles] and class [com.codinghaezo.stackOverFlow.StackOverFlowApplicationTests]
20:57:28.003 [Test worker] DEBUG org.springframework.context.annotation.ClassPathScanningCandidateComponentProvider - Identified candidate component class: file [C:\myProject\pre_project\seb45_pre_025\seb45_pre_025\server\stackOverFlow\build\classes\java\main\com\codinghaezo\stackOverFlow\StackOverFlowApplication.class]
20:57:28.005 [Test worker] INFO org.springframework.boot.test.context.SpringBootTestContextBootstrapper - Found @SpringBootConfiguration com.codinghaezo.stackOverFlow.StackOverFlowApplication for test class com.codinghaezo.stackOverFlow.StackOverFlowApplicationTests
20:57:28.113 [Test worker] DEBUG org.springframework.boot.test.context.SpringBootTestContextBootstrapper - @TestExecutionListeners is not present for class [com.codinghaezo.stackOverFlow.StackOverFlowApplicationTests]: using defaults.
20:57:28.114 [Test worker] INFO org.springframework.boot.test.context.SpringBootTestContextBootstrapper - Loaded default TestExecutionListener class names from location [META-INF/spring.factories]: [org.springframework.boot.test.autoconfigure.restdocs.RestDocsTestExecutionListener, org.springframework.boot.test.autoconfigure.web.client.MockRestServiceServerResetTestExecutionListener, org.springframework.boot.test.autoconfigure.web.servlet.MockMvcPrintOnlyOnFailureTestExecutionListener, org.springframework.boot.test.autoconfigure.web.servlet.WebDriverTestExecutionListener, org.springframework.boot.test.autoconfigure.webservices.client.MockWebServiceServerTestExecutionListener, org.springframework.boot.test.mock.mockito.MockitoTestExecutionListener, org.springframework.boot.test.mock.mockito.ResetMocksTestExecutionListener, org.springframework.test.context.web.ServletTestExecutionListener, org.springframework.test.context.support.DirtiesContextBeforeModesTestExecutionListener, org.springframework.test.context.event.ApplicationEventsTestExecutionListener, org.springframework.test.context.support.DependencyInjectionTestExecutionListener, org.springframework.test.context.support.DirtiesContextTestExecutionListener, org.springframework.test.context.transaction.TransactionalTestExecutionListener, org.springframework.test.context.jdbc.SqlScriptsTestExecutionListener, org.springframework.test.context.event.EventPublishingTestExecutionListener]
20:57:28.129 [Test worker] INFO org.springframework.boot.test.context.SpringBootTestContextBootstrapper - Using TestExecutionListeners: [org.springframework.test.context.web.ServletTestExecutionListener@6d1310f6, org.springframework.test.context.support.DirtiesContextBeforeModesTestExecutionListener@3228d990, org.springframework.test.context.event.ApplicationEventsTestExecutionListener@54e7391d, org.springframework.boot.test.mock.mockito.MockitoTestExecutionListener@50b8ae8d, org.springframework.boot.test.autoconfigure.SpringBootDependencyInjectionTestExecutionListener@255990cc, org.springframework.test.context.support.DirtiesContextTestExecutionListener@51c929ae, org.springframework.test.context.transaction.TransactionalTestExecutionListener@3c8bdd5b, org.springframework.test.context.jdbc.SqlScriptsTestExecutionListener@29d2d081, org.springframework.test.context.event.EventPublishingTestExecutionListener@40e4ea87, org.springframework.boot.test.autoconfigure.restdocs.RestDocsTestExecutionListener@58783f6c, org.springframework.boot.test.autoconfigure.web.client.MockRestServiceServerResetTestExecutionListener@3a7b503d, org.springframework.boot.test.autoconfigure.web.servlet.MockMvcPrintOnlyOnFailureTestExecutionListener@512d92b, org.springframework.boot.test.autoconfigure.web.servlet.WebDriverTestExecutionListener@62c5bbdc, org.springframework.boot.test.autoconfigure.webservices.client.MockWebServiceServerTestExecutionListener@7bdf6bb7, org.springframework.boot.test.mock.mockito.ResetMocksTestExecutionListener@1bc53649]
20:57:28.132 [Test worker] DEBUG org.springframework.test.context.support.AbstractDirtiesContextTestExecutionListener - Before test class: context [DefaultTestContext@6f0628de testClass = StackOverFlowApplicationTests, testInstance = [null], testMethod = [null], testException = [null], mergedContextConfiguration = [WebMergedContextConfiguration@3fabf088 testClass = StackOverFlowApplicationTests, locations = '{}', classes = '{class com.codinghaezo.stackOverFlow.StackOverFlowApplication}', contextInitializerClasses = '[]', activeProfiles = '{}', propertySourceLocations = '{}', propertySourceProperties = '{org.springframework.boot.test.context.SpringBootTestContextBootstrapper=true}', contextCustomizers = set[org.springframework.boot.test.autoconfigure.actuate.metrics.MetricsExportContextCustomizerFactory$DisableMetricExportContextCustomizer@2cae1042, org.springframework.boot.test.autoconfigure.properties.PropertyMappingContextCustomizer@0, org.springframework.boot.test.autoconfigure.web.servlet.WebDriverContextCustomizerFactory$Customizer@129b4fe2, org.springframework.boot.test.context.filter.ExcludeFilterContextCustomizer@24b6b8f6, org.springframework.boot.test.json.DuplicateJsonObjectContextCustomizerFactory$DuplicateJsonObjectContextCustomizer@45c8d09f, org.springframework.boot.test.mock.mockito.MockitoContextCustomizer@0, org.springframework.boot.test.web.client.TestRestTemplateContextCustomizer@fd8294b, org.springframework.boot.test.context.SpringBootTestArgs@1, org.springframework.boot.test.context.SpringBootTestWebEnvironment@4bbf6d0e], resourceBasePath = 'src/main/webapp', contextLoader = 'org.springframework.boot.test.context.SpringBootContextLoader', parent = [null]], attributes = map['org.springframework.test.context.web.ServletTestExecutionListener.activateListener' -> true]], class annotated with @DirtiesContext [false] with mode [null].

  .   ____          _            __ _ _
 /\\ / ___'_ __ _ _(_)_ __  __ _ \ \ \ \
( ( )\___ | '_ | '_| | '_ \/ _` | \ \ \ \
 \\/  ___)| |_)| | | | | || (_| |  ) ) ) )
  '  |____| .__|_| |_|_| |_\__, | / / / /
 =========|_|==============|___/=/_/_/_/
 :: Spring Boot ::               (v2.7.14)

2023-08-11 20:57:28.543  INFO 14408 --- [    Test worker] c.c.s.StackOverFlowApplicationTests      : Starting StackOverFlowApplicationTests using Java 11.0.18 on 박찬우 with PID 14408 (started by cksdn in C:\myProject\pre_project\seb45_pre_025\seb45_pre_025\server\stackOverFlow)
2023-08-11 20:57:28.544  INFO 14408 --- [    Test worker] c.c.s.StackOverFlowApplicationTests      : No active profile set, falling back to 1 default profile: "default"
2023-08-11 20:57:29.234  INFO 14408 --- [    Test worker] .s.d.r.c.RepositoryConfigurationDelegate : Bootstrapping Spring Data JPA repositories in DEFAULT mode.
2023-08-11 20:57:29.284  INFO 14408 --- [    Test worker] .s.d.r.c.RepositoryConfigurationDelegate : Finished Spring Data repository scanning in 42 ms. Found 1 JPA repository interfaces.
2023-08-11 20:57:29.795  INFO 14408 --- [    Test worker] com.zaxxer.hikari.HikariDataSource       : HikariPool-1 - Starting...
2023-08-11 20:57:30.035  INFO 14408 --- [    Test worker] com.zaxxer.hikari.HikariDataSource       : HikariPool-1 - Start completed.
2023-08-11 20:57:30.114  INFO 14408 --- [    Test worker] o.hibernate.jpa.internal.util.LogHelper  : HHH000204: Processing PersistenceUnitInfo [name: default]
2023-08-11 20:57:30.191  INFO 14408 --- [    Test worker] org.hibernate.Version                    : HHH000412: Hibernate ORM core version 5.6.15.Final
2023-08-11 20:57:30.385  INFO 14408 --- [    Test worker] o.hibernate.annotations.common.Version   : HCANN000001: Hibernate Commons Annotations {5.1.2.Final}
2023-08-11 20:57:30.524  INFO 14408 --- [    Test worker] org.hibernate.dialect.Dialect            : HHH000400: Using dialect: org.hibernate.dialect.H2Dialect
2023-08-11 20:57:31.123  INFO 14408 --- [    Test worker] o.h.e.t.j.p.i.JtaPlatformInitiator       : HHH000490: Using JtaPlatform implementation: [org.hibernate.engine.transaction.jta.platform.internal.NoJtaPlatform]
2023-08-11 20:57:31.132  INFO 14408 --- [    Test worker] j.LocalContainerEntityManagerFactoryBean : Initialized JPA EntityManagerFactory for persistence unit 'default'
2023-08-11 20:57:31.867  WARN 14408 --- [    Test worker] JpaBaseConfiguration$JpaWebConfiguration : spring.jpa.open-in-view is enabled by default. Therefore, database queries may be performed during view rendering. Explicitly configure spring.jpa.open-in-view to disable this warning
2023-08-11 20:57:32.190  INFO 14408 --- [    Test worker] o.s.b.a.h2.H2ConsoleAutoConfiguration    : H2 console available at '/h2'. Database available at 'jdbc:h2:mem:test'
2023-08-11 20:57:32.551  INFO 14408 --- [    Test worker] c.c.s.StackOverFlowApplicationTests      : Started StackOverFlowApplicationTests in 4.383 seconds (JVM running for 5.754)
]]></system-out>
  <system-err><![CDATA[]]></system-err>
</testsuite>
